#
# A fatal error has been detected by the Java Runtime Environment:
#
#  SIGSEGV (0xb) at pc=0x00000001250f8561, pid=1897, tid=2571
#
# JRE version: Java(TM) SE Runtime Environment (8.0_40-b25) (build 1.8.0_40-b25)
# Java VM: Java HotSpot(TM) 64-Bit Server VM (25.40-b25 mixed mode bsd-amd64 compressed oops)
# Problematic frame:
# C  [libglass.dylib+0x15561]  GlassScreenDidChangeScreenParameters+0x21
#
# Failed to write core dump. Core dumps have been disabled. To enable core dumping, try "ulimit -c unlimited" before starting Java again
#
# If you would like to submit a bug report, please visit:
#   http://bugreport.java.com/bugreport/crash.jsp
#

---------------  T H R E A D  ---------------

Current thread is native thread

siginfo: si_signo: 11 (SIGSEGV), si_code: 1 (SEGV_MAPERR), si_addr: 0x0000000000000000

Registers:
RAX=0x000000012512aac8, RBX=0x0000000000000000, RCX=0x0000000000000103, RDX=0x0000010000000100
RSP=0x00007fff559a79d0, RBP=0x00007fff559a79e0, RSI=0x00007f94e9707390, RDI=0x0000000000000000
R8 =0x0000000000000040, R9 =0x00007fff72c451e0, R10=0xffffffffffffffff, R11=0x0000000000000246
R12=0x00007f94e976db70, R13=0x00007f94e974b210, R14=0x00007f94e974b250, R15=0x0000000000000000
RIP=0x00000001250f8561, EFLAGS=0x0000000000010246, ERR=0x0000000000000004
  TRAPNO=0x000000000000000e

Top of Stack: (sp=0x00007fff559a79d0)
0x00007fff559a79d0:   00007fff559a7a28 00007f94e974b250
0x00007fff559a79e0:   00007fff559a79f0 00007fff8c25f70c
0x00007fff559a79f0:   00007fff559a7a10 00007fff8c25f67f
0x00007fff559a7a00:   0000000000000000 0000000000000000
0x00007fff559a7a10:   00007fff559a7a80 00007fff8c25ed47
0x00007fff559a7a20:   00007fff8c5987ed 00007fff702810a0
0x00007fff559a7a30:   0000000042000000 00007fff8c25f640
0x00007fff559a7a40:   00007fff7271d720 00007f94e974b210
0x00007fff559a7a50:   00007f94e976db70 00007fff559a8228
0x00007fff559a7a60:   00007fff7284a780 00007fff559a8228
0x00007fff559a7a70:   00007f94e974b210 00007fff8c597b0f
0x00007fff559a7a80:   00007fff559a7ac0 00007fff8c25eab2
0x00007fff559a7a90:   00007fff559a80a0 0000000000000000
0x00007fff559a7aa0:   00007fff7284a780 00007fff559a8228
0x00007fff559a7ab0:   00007fff834554c0 00007fff8c597b0f
0x00007fff559a7ac0:   00007fff559a81d0 00007fff8c258d42
0x00007fff559a7ad0:   00007f94eb908200 0000000000000002
0x00007fff559a7ae0:   0000000000000000 00007f94eb812030
0x00007fff559a7af0:   00007f94e9809048 00007f94e9734270
0x00007fff559a7b00:   0000000000000000 00007f94e974b2b0
0x00007fff559a7b10:   0000000000000000 0000000000000000
0x00007fff559a7b20:   00007fff7275abc0 00007fff559a80a0
0x00007fff559a7b30:   0000000000000001 0000000000000100
0x00007fff559a7b40:   0000000000000500 00007fff559a7fa0
0x00007fff559a7b50:   0000000000000000 0000000000000100
0x00007fff559a7b60:   4095700000000000 00007fff7284a780
0x00007fff559a7b70:   0000000000000000 00007fff7271e500
0x00007fff559a7b80:   00007fff7284a780 0000000000000000
0x00007fff559a7b90:   00007fff7271e500 00007f94e976d230
0x00007fff559a7ba0:   00007f94eb908200 00007fff8e320e7f
0x00007fff559a7bb0:   0000000000153801 00007fff70a512c0
0x00007fff559a7bc0:   0000000000153800 0000000070a512c0 

Instructions: (pc=0x00000001250f8561)
0x00000001250f8541:   48 89 e5 41 56 53 48 8d 05 72 26 03 00 48 83 38
0x00000001250f8551:   00 48 89 fb 75 72 48 8d 05 6a 25 03 00 48 8b 30
0x00000001250f8561:   48 8b 03 48 8d 15 74 9a 01 00 48 8d 0d 2e 70 01
0x00000001250f8571:   00 48 89 df ff 90 88 03 00 00 48 8d 0d 3e 26 03 

Register to memory mapping:

RAX=0x000000012512aac8: jScreenClass+0 in /Library/Java/JavaVirtualMachines/jdk1.8.0_40.jdk/Contents/Home/jre/lib/libglass.dylib at 0x00000001250e3000
RBX=0x0000000000000000 is an unknown value
RCX=0x0000000000000103 is an unknown value
RDX=0x0000010000000100 is an unknown value
RSP=0x00007fff559a79d0 is an unknown value
RBP=0x00007fff559a79e0 is an unknown value
RSI=0x00007f94e9707390 is a global jni handle
RDI=0x0000000000000000 is an unknown value
R8 =0x0000000000000040 is an unknown value
R9 =0x00007fff72c451e0: __sFX+0x1c0 in /usr/lib/system/libsystem_c.dylib at 0x00007fff8e372000
R10=0xffffffffffffffff is an unknown value
R11=0x0000000000000246 is an unknown value
R12=0x00007f94e976db70 is an unknown value
R13=0x00007f94e974b210 is an unknown value
R14=0x00007f94e974b250 is an unknown value
R15=0x0000000000000000 is an unknown value


Stack: [0x00007fff551ab000,0x00007fff559ab000],  sp=0x00007fff559a79d0,  free space=8178k
Native frames: (J=compiled Java code, j=interpreted, Vv=VM code, C=native code)
C  [libglass.dylib+0x15561]  GlassScreenDidChangeScreenParameters+0x21
C  [CoreFoundation+0x12870c]  __CFNOTIFICATIONCENTER_IS_CALLING_OUT_TO_AN_OBSERVER__+0xc
C  [CoreFoundation+0x12867f]  ___CFXRegistrationPost_block_invoke+0x3f
C  [CoreFoundation+0x127d47]  _CFXRegistrationPost+0x197
C  [CoreFoundation+0x127ab2]  ___CFXNotificationPost_block_invoke+0x32
C  [CoreFoundation+0x121d42]  -[_CFXNotificationRegistrar find:object:observer:enumerator:]+0x782
C  [CoreFoundation+0x10145]  _CFXNotificationPost+0x2b5
C  [Foundation+0x7921]  -[NSNotificationCenter postNotificationName:object:userInfo:]+0x42
C  [AppKit+0x3d9ca8]  -[NSApplication _reactToScreenInvalidationImmediately:]+0x17f
C  [AppKit+0x3d9af9]  __44-[NSApplication _reactToScreenInvalidation:]_block_invoke+0x3b
C  [CoreFoundation+0x7e4ac]  __CFRUNLOOP_IS_CALLING_OUT_TO_A_BLOCK__+0xc
C  [CoreFoundation+0x70165]  __CFRunLoopDoBlocks+0x155
C  [CoreFoundation+0x6fecb]  __CFRunLoopRun+0x92b
C  [CoreFoundation+0x6f338]  CFRunLoopRunSpecific+0x128
C  [java+0x6490]  CreateExecutionEnvironment+0x367
C  [java+0x221c]  JLI_Launch+0x7a0
C  [java+0x84ed]  main+0x65
C  [java+0x1a74]  start+0x34


---------------  P R O C E S S  ---------------

VM state:at safepoint (normal execution)

VM Mutex/Monitor currently owned by a thread:  ([mutex/lock_event])
[0x00007f94eb802580] Threads_lock - owner thread: 0x00007f94ec80c000

Heap:
 PSYoungGen      total 38400K, used 13777K [0x0000000795580000, 0x0000000798000000, 0x00000007c0000000)
  eden space 33280K, 41% used [0x0000000795580000,0x00000007962f45c8,0x0000000797600000)
  from space 5120K, 0% used [0x0000000797b00000,0x0000000797b00000,0x0000000798000000)
  to   space 5120K, 0% used [0x0000000797600000,0x0000000797600000,0x0000000797b00000)
 ParOldGen       total 87552K, used 0K [0x0000000740000000, 0x0000000745580000, 0x0000000795580000)
  object space 87552K, 0% used [0x0000000740000000,0x0000000740000000,0x0000000745580000)
 Metaspace       used 7404K, capacity 7668K, committed 7936K, reserved 1056768K
  class space    used 880K, capacity 997K, committed 1024K, reserved 1048576K

Card table byte_map: [0x000000011b929000,0x000000011bd2a000] byte_map_base: 0x0000000117f29000

Marking Bits: (ParMarkBitMap*) 0x000000010bec27a0
 Begin Bits: [0x000000011bfd5000, 0x000000011dfd5000)
 End Bits:   [0x000000011dfd5000, 0x000000011ffd5000)

Polling page: 0x000000010a518000

CodeCache: size=245760Kb used=2172Kb max_used=2184Kb free=243587Kb
 bounds [0x000000010c569000, 0x000000010c7d9000, 0x000000011b569000]
 total_blobs=891 nmethods=503 adapters=302
 compilation: enabled

Compilation events (10 events):
Event: 0.605 Thread 0x00007f94ec057000  501       3       java.util.StringTokenizer::scanToken (179 bytes)
Event: 0.606 Thread 0x00007f94ec057000 nmethod 501 0x000000010c783890 code [0x000000010c783b20, 0x000000010c784dd8]
Event: 0.606 Thread 0x00007f94ec057000  500       3       java.util.StringTokenizer::skipDelimiters (116 bytes)
Event: 0.606 Thread 0x00007f94e980c800 nmethod 497 0x000000010c78b550 code [0x000000010c78b6c0, 0x000000010c78bab8]
Event: 0.606 Thread 0x00007f94ec056000 nmethod 498 0x000000010c787e90 code [0x000000010c787fe0, 0x000000010c788408]
Event: 0.606 Thread 0x00007f94ec057000 nmethod 500 0x000000010c786c50 code [0x000000010c786e60, 0x000000010c7879f8]
Event: 0.606 Thread 0x00007f94ec057000  502       3       java.util.StringTokenizer::nextToken (92 bytes)
Event: 0.607 Thread 0x00007f94ec057000 nmethod 502 0x000000010c7864d0 code [0x000000010c786680, 0x000000010c786ab8]
Event: 0.607 Thread 0x00007f94ec057000  503       1       java.util.HashMap::afterNodeInsertion (1 bytes)
Event: 0.607 Thread 0x00007f94ec057000 nmethod 503 0x000000010c786210 code [0x000000010c786360, 0x000000010c786470]

GC Heap History (0 events):
No events

Deoptimization events (1 events):
Event: 0.578 Thread 0x00007f94ea06f000 Uncommon trap: reason=unstable_if action=reinterpret pc=0x000000010c71f0b4 method=java.lang.String.replace(CC)Ljava/lang/String; @ 2

Internal exceptions (10 events):
Event: 0.114 Thread 0x00007f94ec006000 Exception <a 'java/security/PrivilegedActionException'> (0x00000007957b2be0) thrown at [/Users/java_re/workspace/8-2-build-macosx-x86_64/jdk8u40/2855/hotspot/src/share/vm/prims/jvm.cpp, line 1382]
Event: 0.114 Thread 0x00007f94ec006000 Exception <a 'java/security/PrivilegedActionException'> (0x00000007957b2d98) thrown at [/Users/java_re/workspace/8-2-build-macosx-x86_64/jdk8u40/2855/hotspot/src/share/vm/prims/jvm.cpp, line 1382]
Event: 0.183 Thread 0x00007f94ec006000 Exception <a 'java/lang/NoSuchFieldError': method resolution failed> (0x00000007958c6998) thrown at [/Users/java_re/workspace/8-2-build-macosx-x86_64/jdk8u40/2855/hotspot/src/share/vm/prims/methodHandles.cpp, line 1125]
Event: 0.193 Thread 0x00007f94ec006000 Exception <a 'java/lang/NoSuchFieldError': method resolution failed> (0x00000007958d5068) thrown at [/Users/java_re/workspace/8-2-build-macosx-x86_64/jdk8u40/2855/hotspot/src/share/vm/prims/methodHandles.cpp, line 1125]
Event: 0.212 Thread 0x00007f94ec006000 Exception <a 'java/security/PrivilegedActionException'> (0x0000000795961620) thrown at [/Users/java_re/workspace/8-2-build-macosx-x86_64/jdk8u40/2855/hotspot/src/share/vm/prims/jvm.cpp, line 1382]
Event: 0.212 Thread 0x00007f94ec006000 Exception <a 'java/security/PrivilegedActionException'> (0x00000007959617d8) thrown at [/Users/java_re/workspace/8-2-build-macosx-x86_64/jdk8u40/2855/hotspot/src/share/vm/prims/jvm.cpp, line 1382]
Event: 0.212 Thread 0x00007f94ec006000 Exception <a 'java/security/PrivilegedActionException'> (0x00000007959649c8) thrown at [/Users/java_re/workspace/8-2-build-macosx-x86_64/jdk8u40/2855/hotspot/src/share/vm/prims/jvm.cpp, line 1382]
Event: 0.212 Thread 0x00007f94ec006000 Exception <a 'java/security/PrivilegedActionException'> (0x0000000795964b80) thrown at [/Users/java_re/workspace/8-2-build-macosx-x86_64/jdk8u40/2855/hotspot/src/share/vm/prims/jvm.cpp, line 1382]
Event: 0.212 Thread 0x00007f94ec006000 Exception <a 'java/lang/NullPointerException'> (0x00000007959664a0) thrown at [/Users/java_re/workspace/8-2-build-macosx-x86_64/jdk8u40/2855/hotspot/src/share/vm/interpreter/linkResolver.cpp, line 1178]
Event: 0.587 Thread 0x00007f94ec006000 Exception <a 'java/lang/reflect/InvocationTargetException'> (0x0000000795c598c8) thrown at [/Users/java_re/workspace/8-2-build-macosx-x86_64/jdk8u40/2855/hotspot/src/share/vm/runtime/reflection.cpp, line 1080]

Events (10 events):
Event: 0.609 loading class java/util/Formatter$Flags done
Event: 0.609 loading class java/util/Formatter$Conversion
Event: 0.609 loading class java/util/Formatter$Conversion done
Event: 0.609 loading class java/util/Formattable
Event: 0.609 loading class java/util/Formattable done
Event: 0.609 loading class java/util/IdentityHashMap$KeyIterator
Event: 0.609 loading class java/util/IdentityHashMap$IdentityHashMapIterator
Event: 0.609 loading class java/util/IdentityHashMap$IdentityHashMapIterator done
Event: 0.609 loading class java/util/IdentityHashMap$KeyIterator done
Event: 0.609 Executing VM operation: Exit


Dynamic libraries:
0x00000000000d7000 	/System/Library/Frameworks/Cocoa.framework/Versions/A/Cocoa
0x00000000000d7000 	/System/Library/Frameworks/Security.framework/Versions/A/Security
0x00000000000d7000 	/System/Library/Frameworks/ApplicationServices.framework/Versions/A/ApplicationServices
0x00000000000d7000 	/usr/lib/libz.1.dylib
0x00000000000d7000 	/usr/lib/libSystem.B.dylib
0x00000000000d7000 	/usr/lib/libobjc.A.dylib
0x00000000000d7000 	/System/Library/Frameworks/CoreFoundation.framework/Versions/A/CoreFoundation
0x00000000000d7000 	/System/Library/Frameworks/Foundation.framework/Versions/C/Foundation
0x00000000000d7000 	/System/Library/Frameworks/AppKit.framework/Versions/C/AppKit
0x00000000000d7000 	/System/Library/Frameworks/CoreData.framework/Versions/A/CoreData
0x00000000000d7000 	/System/Library/PrivateFrameworks/RemoteViewServices.framework/Versions/A/RemoteViewServices
0x00000000000d7000 	/System/Library/PrivateFrameworks/UIFoundation.framework/Versions/A/UIFoundation
0x00000000000d7000 	/usr/lib/libScreenReader.dylib
0x00000000000d7000 	/System/Library/Frameworks/Accelerate.framework/Versions/A/Accelerate
0x00000000000d7000 	/System/Library/Frameworks/IOSurface.framework/Versions/A/IOSurface
0x00000000000d7000 	/System/Library/Frameworks/AudioToolbox.framework/Versions/A/AudioToolbox
0x00000000000d7000 	/System/Library/Frameworks/AudioUnit.framework/Versions/A/AudioUnit
0x00000000000d7000 	/System/Library/PrivateFrameworks/DataDetectorsCore.framework/Versions/A/DataDetectorsCore
0x00000000000d7000 	/System/Library/PrivateFrameworks/DesktopServicesPriv.framework/Versions/A/DesktopServicesPriv
0x00000000000d7000 	/System/Library/Frameworks/Carbon.framework/Versions/A/Frameworks/HIToolbox.framework/Versions/A/HIToolbox
0x00000000000d7000 	/System/Library/Frameworks/QuartzCore.framework/Versions/A/QuartzCore
0x00000000000d7000 	/System/Library/Frameworks/Carbon.framework/Versions/A/Frameworks/SpeechRecognition.framework/Versions/A/SpeechRecognition
0x00000000000d7000 	/usr/lib/libauto.dylib
0x00000000000d7000 	/usr/lib/libicucore.A.dylib
0x00000000000d7000 	/usr/lib/libxml2.2.dylib
0x00000000000d7000 	/System/Library/PrivateFrameworks/CoreUI.framework/Versions/A/CoreUI
0x00000000000d7000 	/System/Library/Frameworks/CoreAudio.framework/Versions/A/CoreAudio
0x00000000000d7000 	/System/Library/Frameworks/DiskArbitration.framework/Versions/A/DiskArbitration
0x00000000000d7000 	/usr/lib/liblangid.dylib
0x00000000000d7000 	/System/Library/PrivateFrameworks/MultitouchSupport.framework/Versions/A/MultitouchSupport
0x00000000000d7000 	/System/Library/Frameworks/IOKit.framework/Versions/A/IOKit
0x00000000000d7000 	/usr/lib/libDiagnosticMessagesClient.dylib
0x00000000000d7000 	/System/Library/Frameworks/CoreServices.framework/Versions/A/CoreServices
0x00000000000d7000 	/System/Library/PrivateFrameworks/PerformanceAnalysis.framework/Versions/A/PerformanceAnalysis
0x00000000000d7000 	/System/Library/PrivateFrameworks/GenerationalStorage.framework/Versions/A/GenerationalStorage
0x00000000000d7000 	/System/Library/Frameworks/OpenGL.framework/Versions/A/OpenGL
0x00000000000d7000 	/System/Library/PrivateFrameworks/Sharing.framework/Versions/A/Sharing
0x00000000000d7000 	/System/Library/Frameworks/CoreGraphics.framework/Versions/A/CoreGraphics
0x00000000000d7000 	/System/Library/Frameworks/CoreImage.framework/Versions/A/CoreImage
0x00000000000d7000 	/System/Library/Frameworks/CoreText.framework/Versions/A/CoreText
0x00000000000d7000 	/System/Library/Frameworks/ImageIO.framework/Versions/A/ImageIO
0x00000000000d7000 	/System/Library/PrivateFrameworks/Backup.framework/Versions/A/Backup
0x00000000000d7000 	/usr/lib/libextension.dylib
0x00000000000d7000 	/usr/lib/libarchive.2.dylib
0x00000000000d7000 	/System/Library/Frameworks/CFNetwork.framework/Versions/A/CFNetwork
0x00000000000d7000 	/System/Library/Frameworks/SystemConfiguration.framework/Versions/A/SystemConfiguration
0x00000000000d7000 	/usr/lib/libCRFSuite.dylib
0x00000000000d7000 	/usr/lib/libc++.1.dylib
0x00000000000d7000 	/usr/lib/libc++abi.dylib
0x00000000000d7000 	/usr/lib/system/libcache.dylib
0x00000000000d7000 	/usr/lib/system/libcommonCrypto.dylib
0x00000000000d7000 	/usr/lib/system/libcompiler_rt.dylib
0x00000000000d7000 	/usr/lib/system/libcopyfile.dylib
0x00000000000d7000 	/usr/lib/system/libcorecrypto.dylib
0x00000000000d7000 	/usr/lib/system/libdispatch.dylib
0x00000000000d7000 	/usr/lib/system/libdyld.dylib
0x00000000000d7000 	/usr/lib/system/libkeymgr.dylib
0x00000000000d7000 	/usr/lib/system/liblaunch.dylib
0x00000000000d7000 	/usr/lib/system/libmacho.dylib
0x00000000000d7000 	/usr/lib/system/libquarantine.dylib
0x00000000000d7000 	/usr/lib/system/libremovefile.dylib
0x00000000000d7000 	/usr/lib/system/libsystem_asl.dylib
0x00000000000d7000 	/usr/lib/system/libsystem_blocks.dylib
0x00000000000d7000 	/usr/lib/system/libsystem_c.dylib
0x00000000000d7000 	/usr/lib/system/libsystem_configuration.dylib
0x00000000000d7000 	/usr/lib/system/libsystem_coreservices.dylib
0x00000000000d7000 	/usr/lib/system/libsystem_coretls.dylib
0x00000000000d7000 	/usr/lib/system/libsystem_dnssd.dylib
0x00000000000d7000 	/usr/lib/system/libsystem_info.dylib
0x00000000000d7000 	/usr/lib/system/libsystem_kernel.dylib
0x00000000000d7000 	/usr/lib/system/libsystem_m.dylib
0x00000000000d7000 	/usr/lib/system/libsystem_malloc.dylib
0x00000000000d7000 	/usr/lib/system/libsystem_network.dylib
0x00000000000d7000 	/usr/lib/system/libsystem_networkextension.dylib
0x00000000000d7000 	/usr/lib/system/libsystem_notify.dylib
0x00000000000d7000 	/usr/lib/system/libsystem_platform.dylib
0x00000000000d7000 	/usr/lib/system/libsystem_pthread.dylib
0x00000000000d7000 	/usr/lib/system/libsystem_sandbox.dylib
0x00000000000d7000 	/usr/lib/system/libsystem_secinit.dylib
0x00000000000d7000 	/usr/lib/system/libsystem_trace.dylib
0x00000000000d7000 	/usr/lib/system/libunc.dylib
0x00000000000d7000 	/usr/lib/system/libunwind.dylib
0x00000000000d7000 	/usr/lib/system/libxpc.dylib
0x00000000000d7000 	/usr/lib/libenergytrace.dylib
0x00000000000d7000 	/usr/lib/libbsm.0.dylib
0x00000000000d7000 	/usr/lib/system/libkxld.dylib
0x00000000000d7000 	/usr/lib/libxar.1.dylib
0x00000000000d7000 	/usr/lib/libsqlite3.dylib
0x00000000000d7000 	/usr/lib/libpam.2.dylib
0x00000000000d7000 	/usr/lib/libOpenScriptingUtil.dylib
0x00000000000d7000 	/usr/lib/libbz2.1.0.dylib
0x00000000000d7000 	/usr/lib/liblzma.5.dylib
0x00000000000d7000 	/System/Library/Frameworks/CoreServices.framework/Versions/A/Frameworks/FSEvents.framework/Versions/A/FSEvents
0x00000000000d7000 	/System/Library/Frameworks/CoreServices.framework/Versions/A/Frameworks/CarbonCore.framework/Versions/A/CarbonCore
0x00000000000d7000 	/System/Library/Frameworks/CoreServices.framework/Versions/A/Frameworks/Metadata.framework/Versions/A/Metadata
0x00000000000d7000 	/System/Library/Frameworks/CoreServices.framework/Versions/A/Frameworks/OSServices.framework/Versions/A/OSServices
0x00000000000d7000 	/System/Library/Frameworks/CoreServices.framework/Versions/A/Frameworks/SearchKit.framework/Versions/A/SearchKit
0x00000000000d7000 	/System/Library/Frameworks/CoreServices.framework/Versions/A/Frameworks/AE.framework/Versions/A/AE
0x00000000000d7000 	/System/Library/Frameworks/CoreServices.framework/Versions/A/Frameworks/LaunchServices.framework/Versions/A/LaunchServices
0x00000000000d7000 	/System/Library/Frameworks/CoreServices.framework/Versions/A/Frameworks/DictionaryServices.framework/Versions/A/DictionaryServices
0x00000000000d7000 	/System/Library/Frameworks/CoreServices.framework/Versions/A/Frameworks/SharedFileList.framework/Versions/A/SharedFileList
0x00000000000d7000 	/System/Library/Frameworks/NetFS.framework/Versions/A/NetFS
0x00000000000d7000 	/System/Library/PrivateFrameworks/NetAuth.framework/Versions/A/NetAuth
0x00000000000d7000 	/System/Library/PrivateFrameworks/login.framework/Versions/A/Frameworks/loginsupport.framework/Versions/A/loginsupport
0x00000000000d7000 	/System/Library/PrivateFrameworks/TCC.framework/Versions/A/TCC
0x00000000000d7000 	/usr/lib/libmecabra.dylib
0x00000000000d7000 	/System/Library/Frameworks/ApplicationServices.framework/Versions/A/Frameworks/ATS.framework/Versions/A/ATS
0x00000000000d7000 	/System/Library/Frameworks/ApplicationServices.framework/Versions/A/Frameworks/ColorSync.framework/Versions/A/ColorSync
0x00000000000d7000 	/System/Library/Frameworks/ApplicationServices.framework/Versions/A/Frameworks/HIServices.framework/Versions/A/HIServices
0x00000000000d7000 	/System/Library/Frameworks/ApplicationServices.framework/Versions/A/Frameworks/LangAnalysis.framework/Versions/A/LangAnalysis
0x00000000000d7000 	/System/Library/Frameworks/ApplicationServices.framework/Versions/A/Frameworks/PrintCore.framework/Versions/A/PrintCore
0x00000000000d7000 	/System/Library/Frameworks/ApplicationServices.framework/Versions/A/Frameworks/QD.framework/Versions/A/QD
0x00000000000d7000 	/System/Library/Frameworks/ApplicationServices.framework/Versions/A/Frameworks/SpeechSynthesis.framework/Versions/A/SpeechSynthesis
0x00000000000d7000 	/System/Library/Frameworks/Metal.framework/Versions/A/Metal
0x00000000000d7000 	/System/Library/Frameworks/Accelerate.framework/Versions/A/Frameworks/vImage.framework/Versions/A/vImage
0x00000000000d7000 	/System/Library/Frameworks/Accelerate.framework/Versions/A/Frameworks/vecLib.framework/Versions/A/vecLib
0x00000000000d7000 	/System/Library/Frameworks/Accelerate.framework/Versions/A/Frameworks/vecLib.framework/Versions/A/libvDSP.dylib
0x00000000000d7000 	/System/Library/Frameworks/Accelerate.framework/Versions/A/Frameworks/vecLib.framework/Versions/A/libvMisc.dylib
0x00000000000d7000 	/System/Library/Frameworks/Accelerate.framework/Versions/A/Frameworks/vecLib.framework/Versions/A/libLAPACK.dylib
0x00000000000d7000 	/System/Library/Frameworks/Accelerate.framework/Versions/A/Frameworks/vecLib.framework/Versions/A/libBLAS.dylib
0x00000000000d7000 	/System/Library/Frameworks/Accelerate.framework/Versions/A/Frameworks/vecLib.framework/Versions/A/libLinearAlgebra.dylib
0x00000000000d7000 	/System/Library/Frameworks/Accelerate.framework/Versions/A/Frameworks/vecLib.framework/Versions/A/libSparseBLAS.dylib
0x00000000000d7000 	/System/Library/PrivateFrameworks/GPUCompiler.framework/libmetal_timestamp.dylib
0x00000000000d7000 	/System/Library/Frameworks/OpenGL.framework/Versions/A/Libraries/libCoreFSCache.dylib
0x00000000000d7000 	/System/Library/PrivateFrameworks/IOAccelerator.framework/Versions/A/IOAccelerator
0x00000000000d7000 	/System/Library/Frameworks/ApplicationServices.framework/Versions/A/Frameworks/ATS.framework/Versions/A/Resources/libFontParser.dylib
0x00000000000d7000 	/System/Library/Frameworks/ApplicationServices.framework/Versions/A/Frameworks/ATS.framework/Versions/A/Resources/libFontRegistry.dylib
0x00000000000d7000 	/System/Library/PrivateFrameworks/AppleVPA.framework/Versions/A/AppleVPA
0x00000000000d7000 	/System/Library/PrivateFrameworks/AppleJPEG.framework/Versions/A/AppleJPEG
0x00000000000d7000 	/System/Library/Frameworks/ImageIO.framework/Versions/A/Resources/libJPEG.dylib
0x00000000000d7000 	/System/Library/Frameworks/ImageIO.framework/Versions/A/Resources/libTIFF.dylib
0x00000000000d7000 	/System/Library/Frameworks/ImageIO.framework/Versions/A/Resources/libPng.dylib
0x00000000000d7000 	/System/Library/Frameworks/ImageIO.framework/Versions/A/Resources/libGIF.dylib
0x00000000000d7000 	/System/Library/Frameworks/ImageIO.framework/Versions/A/Resources/libJP2.dylib
0x00000000000d7000 	/System/Library/Frameworks/ImageIO.framework/Versions/A/Resources/libRadiance.dylib
0x00000000000d7000 	/System/Library/Frameworks/CoreVideo.framework/Versions/A/CoreVideo
0x00000000000d7000 	/System/Library/Frameworks/OpenGL.framework/Versions/A/Libraries/libGLU.dylib
0x00000000000d7000 	/System/Library/Frameworks/OpenGL.framework/Versions/A/Libraries/libGFXShared.dylib
0x00000000000d7000 	/System/Library/Frameworks/OpenGL.framework/Versions/A/Libraries/libGL.dylib
0x00000000000d7000 	/System/Library/Frameworks/OpenGL.framework/Versions/A/Libraries/libGLImage.dylib
0x00000000000d7000 	/System/Library/Frameworks/OpenGL.framework/Versions/A/Libraries/libCVMSPluginSupport.dylib
0x00000000000d7000 	/System/Library/Frameworks/OpenGL.framework/Versions/A/Libraries/libCoreVMClient.dylib
0x00000000000d7000 	/usr/lib/libcups.2.dylib
0x00000000000d7000 	/System/Library/Frameworks/Kerberos.framework/Versions/A/Kerberos
0x00000000000d7000 	/System/Library/Frameworks/GSS.framework/Versions/A/GSS
0x00000000000d7000 	/usr/lib/libresolv.9.dylib
0x00000000000d7000 	/usr/lib/libiconv.2.dylib
0x00000000000d7000 	/System/Library/PrivateFrameworks/Heimdal.framework/Versions/A/Heimdal
0x00000000000d7000 	/usr/lib/libheimdal-asn1.dylib
0x00000000000d7000 	/System/Library/Frameworks/OpenDirectory.framework/Versions/A/OpenDirectory
0x00000000000d7000 	/System/Library/PrivateFrameworks/CommonAuth.framework/Versions/A/CommonAuth
0x00000000000d7000 	/System/Library/Frameworks/OpenDirectory.framework/Versions/A/Frameworks/CFOpenDirectory.framework/Versions/A/CFOpenDirectory
0x00000000000d7000 	/System/Library/Frameworks/SecurityFoundation.framework/Versions/A/SecurityFoundation
0x00000000000d7000 	/System/Library/PrivateFrameworks/LanguageModeling.framework/Versions/A/LanguageModeling
0x00000000000d7000 	/usr/lib/libmarisa.dylib
0x00000000000d7000 	/usr/lib/libChineseTokenizer.dylib
0x00000000000d7000 	/usr/lib/libcmph.dylib
0x00000000000d7000 	/usr/lib/libcompression.dylib
0x00000000000d7000 	/System/Library/Frameworks/ServiceManagement.framework/Versions/A/ServiceManagement
0x00000000000d7000 	/usr/lib/libxslt.1.dylib
0x00000000000d7000 	/System/Library/Frameworks/Carbon.framework/Versions/A/Frameworks/Ink.framework/Versions/A/Ink
0x00000000000d7000 	/usr/lib/libFosl_dynamic.dylib
0x00000000000d7000 	/System/Library/PrivateFrameworks/FaceCore.framework/Versions/A/FaceCore
0x00000000000d7000 	/System/Library/Frameworks/OpenCL.framework/Versions/A/OpenCL
0x00000000000d7000 	/System/Library/PrivateFrameworks/CrashReporterSupport.framework/Versions/A/CrashReporterSupport
0x00000000000d7000 	/System/Library/PrivateFrameworks/IconServices.framework/Versions/A/IconServices
0x00000000000d7000 	/System/Library/PrivateFrameworks/Apple80211.framework/Versions/A/Apple80211
0x00000000000d7000 	/System/Library/Frameworks/CoreWLAN.framework/Versions/A/CoreWLAN
0x00000000000d7000 	/System/Library/Frameworks/IOBluetooth.framework/Versions/A/IOBluetooth
0x00000000000d7000 	/System/Library/PrivateFrameworks/CoreWiFi.framework/Versions/A/CoreWiFi
0x00000000000d7000 	/System/Library/Frameworks/CoreBluetooth.framework/Versions/A/CoreBluetooth
0x00000000000d7000 	/System/Library/PrivateFrameworks/ChunkingLibrary.framework/Versions/A/ChunkingLibrary
0x00000000000d7000 	/System/Library/PrivateFrameworks/DebugSymbols.framework/Versions/A/DebugSymbols
0x00000000000d7000 	/System/Library/PrivateFrameworks/CoreSymbolication.framework/Versions/A/CoreSymbolication
0x00000000000d7000 	/System/Library/PrivateFrameworks/Symbolication.framework/Versions/A/Symbolication
0x00000000000d7000 	/System/Library/PrivateFrameworks/SpeechRecognitionCore.framework/Versions/A/SpeechRecognitionCore
0x000000010b600000 	/Library/Java/JavaVirtualMachines/jdk1.8.0_40.jdk/Contents/Home/jre/lib/server/libjvm.dylib
0x00000000000d7000 	/usr/lib/libstdc++.6.dylib
0x000000010a4d5000 	/Library/Java/JavaVirtualMachines/jdk1.8.0_40.jdk/Contents/Home/jre/lib/libverify.dylib
0x000000010a4e3000 	/Library/Java/JavaVirtualMachines/jdk1.8.0_40.jdk/Contents/Home/jre/lib/libjava.dylib
0x000000010a522000 	/Library/Java/JavaVirtualMachines/jdk1.8.0_40.jdk/Contents/Home/jre/lib/libzip.dylib
0x0000000122a80000 	/System/Library/Frameworks/JavaVM.framework/Frameworks/JavaRuntimeSupport.framework/JavaRuntimeSupport
0x0000000122a9b000 	/System/Library/Frameworks/JavaVM.framework/Versions/A/Frameworks/JavaNativeFoundation.framework/Versions/A/JavaNativeFoundation
0x0000000122ab0000 	/System/Library/Frameworks/JavaVM.framework/Versions/A/JavaVM
0x00000000000d7000 	/System/Library/Frameworks/Carbon.framework/Versions/A/Carbon
0x0000000122abd000 	/System/Library/PrivateFrameworks/JavaLaunching.framework/Versions/A/JavaLaunching
0x00000000000d7000 	/System/Library/Frameworks/Carbon.framework/Versions/A/Frameworks/CommonPanels.framework/Versions/A/CommonPanels
0x00000000000d7000 	/System/Library/Frameworks/Carbon.framework/Versions/A/Frameworks/Help.framework/Versions/A/Help
0x00000000000d7000 	/System/Library/Frameworks/Carbon.framework/Versions/A/Frameworks/ImageCapture.framework/Versions/A/ImageCapture
0x00000000000d7000 	/System/Library/Frameworks/Carbon.framework/Versions/A/Frameworks/OpenScripting.framework/Versions/A/OpenScripting
0x00000000000d7000 	/System/Library/Frameworks/Carbon.framework/Versions/A/Frameworks/Print.framework/Versions/A/Print
0x00000000000d7000 	/System/Library/Frameworks/Carbon.framework/Versions/A/Frameworks/SecurityHI.framework/Versions/A/SecurityHI
0x00000001244df000 	/Library/Java/JavaVirtualMachines/jdk1.8.0_40.jdk/Contents/Home/jre/lib/libprism_es2.dylib
0x00000000000d7000 	/System/Library/Frameworks/OpenGL.framework/Versions/A/Resources/GLEngine.bundle/GLEngine
0x00000000000d7000 	/System/Library/Frameworks/OpenGL.framework/Versions/A/Libraries/libGLProgrammability.dylib
0x0000000124560000 	/System/Library/Extensions/AppleIntelHD5000GraphicsGLDriver.bundle/Contents/MacOS/AppleIntelHD5000GraphicsGLDriver
0x00000000000d7000 	/System/Library/PrivateFrameworks/GPUSupport.framework/Versions/A/Libraries/libGPUSupportMercury.dylib
0x00000000000d7000 	/System/Library/Frameworks/OpenGL.framework/Versions/A/Resources/GLRendererFloat.bundle/GLRendererFloat
0x00000000000d7000 	/System/Library/Frameworks/OpenCL.framework/Versions/A/Libraries/libcldcpuengine.dylib
0x00000000000d7000 	/System/Library/PrivateFrameworks/DiskImages.framework/Versions/A/DiskImages
0x00000000000d7000 	/System/Library/Frameworks/DiscRecording.framework/Versions/A/DiscRecording
0x00000000000d7000 	/usr/lib/libcsfde.dylib
0x00000000000d7000 	/usr/lib/libcurl.4.dylib
0x00000000000d7000 	/System/Library/PrivateFrameworks/MediaKit.framework/Versions/A/MediaKit
0x00000000000d7000 	/System/Library/PrivateFrameworks/ProtectedCloudStorage.framework/Versions/A/ProtectedCloudStorage
0x00000000000d7000 	/usr/lib/libCoreStorage.dylib
0x00000000000d7000 	/System/Library/PrivateFrameworks/EFILogin.framework/Versions/A/EFILogin
0x00000000000d7000 	/usr/lib/libutil.dylib
0x00000000000d7000 	/System/Library/PrivateFrameworks/FindMyDevice.framework/Versions/A/FindMyDevice
0x00000000000d7000 	/System/Library/Frameworks/LDAP.framework/Versions/A/LDAP
0x00000000000d7000 	/usr/lib/libsasl2.2.dylib
0x00000000000d7000 	/System/Library/PrivateFrameworks/CoreDaemon.framework/Versions/B/CoreDaemon
0x00000000000d7000 	/usr/lib/libcrypto.0.9.8.dylib
0x00000000000d7000 	/System/Library/PrivateFrameworks/AppleSRP.framework/Versions/A/AppleSRP
0x00000000000d7000 	/System/Library/PrivateFrameworks/TrustEvaluationAgent.framework/Versions/A/TrustEvaluationAgent
0x00000001250e3000 	/Library/Java/JavaVirtualMachines/jdk1.8.0_40.jdk/Contents/Home/jre/lib/libglass.dylib
0x00000000000d7000 	/System/Library/PrivateFrameworks/CoreServicesInternal.framework/Versions/A/CoreServicesInternal
0x00000000000d7000 	/System/Library/CoreServices/RawCamera.bundle/Contents/MacOS/RawCamera
0x00000000000d7000 	/System/Library/Frameworks/CoreGraphics.framework/Versions/A/Resources/libRIP.A.dylib
0x00000000000d7000 	/System/Library/Frameworks/Accelerate.framework/Versions/A/Frameworks/vImage.framework/Versions/A/Libraries/libCGInterfaces.dylib
0x00000000000d7000 	/System/Library/PrivateFrameworks/FamilyControls.framework/Versions/A/FamilyControls
0x00000000000d7000 	/System/Library/PrivateFrameworks/CommerceKit.framework/Versions/A/Frameworks/CommerceCore.framework/Versions/A/CommerceCore
0x00000000000d7000 	/System/Library/PrivateFrameworks/SystemAdministration.framework/Versions/A/SystemAdministration
0x00000000000d7000 	/System/Library/PrivateFrameworks/AppContainer.framework/Versions/A/AppContainer
0x00000000000d7000 	/System/Library/PrivateFrameworks/SecCodeWrapper.framework/Versions/A/SecCodeWrapper
0x00000000000d7000 	/System/Library/Frameworks/DirectoryService.framework/Versions/A/DirectoryService
0x00000000000d7000 	/System/Library/PrivateFrameworks/LoginUIKit.framework/Versions/A/Frameworks/LoginUICore.framework/Versions/A/LoginUICore
0x00000000000d7000 	/usr/lib/libodfde.dylib

VM Arguments:
jvm_args: -Dfile.encoding=UTF-8 
java_command: com.esprit.test.ConnexionBDJavafx
java_class_path (initial): /Library/Java/JavaVirtualMachines/jdk1.8.0_40.jdk/Contents/Home/jre/lib/javaws.jar:/Library/Java/JavaVirtualMachines/jdk1.8.0_40.jdk/Contents/Home/jre/lib/deploy.jar:/Library/Java/JavaVirtualMachines/jdk1.8.0_40.jdk/Contents/Home/jre/lib/plugin.jar:/Users/wiemhjiri/CordovaProjects/ConnexionBDJavafx/build/classes
Launcher Type: SUN_STANDARD

Environment Variables:
PATH=/usr/bin:/bin:/usr/sbin:/sbin
LD_LIBRARY_PATH=/Library/Java/JavaVirtualMachines/jdk1.8.0_40.jdk/Contents/Home/jre/lib/amd64:/Library/Java/JavaVirtualMachines/jdk1.8.0_40.jdk/Contents/Home/jre/lib/i386:
SHELL=/bin/bash

Signal Handlers:
SIGSEGV: [libjvm.dylib+0x58ef95], sa_mask[0]=11111111011111110111111111111111, sa_flags=SA_ONSTACK|SA_RESTART|SA_SIGINFO
SIGBUS: [libjvm.dylib+0x58ef95], sa_mask[0]=11111111011111110111111111111111, sa_flags=SA_RESTART|SA_SIGINFO
SIGFPE: [libjvm.dylib+0x46c118], sa_mask[0]=11111111011111110111111111111111, sa_flags=SA_RESTART|SA_SIGINFO
SIGPIPE: [libjvm.dylib+0x46c118], sa_mask[0]=11111111011111110111111111111111, sa_flags=SA_RESTART|SA_SIGINFO
SIGXFSZ: [libjvm.dylib+0x46c118], sa_mask[0]=11111111011111110111111111111111, sa_flags=SA_RESTART|SA_SIGINFO
SIGILL: [libjvm.dylib+0x46c118], sa_mask[0]=11111111011111110111111111111111, sa_flags=SA_RESTART|SA_SIGINFO
SIGUSR1: SIG_DFL, sa_mask[0]=00000000000000000000000000000000, sa_flags=none
SIGUSR2: [libjvm.dylib+0x46bc36], sa_mask[0]=00100000000000000000000000000000, sa_flags=SA_RESTART|SA_SIGINFO
SIGHUP: [libjvm.dylib+0x46a209], sa_mask[0]=11111111011111110111111111111111, sa_flags=SA_RESTART|SA_SIGINFO
SIGINT: SIG_IGN, sa_mask[0]=00000000000000000000000000000000, sa_flags=none
SIGTERM: [libjvm.dylib+0x46a209], sa_mask[0]=11111111011111110111111111111111, sa_flags=SA_RESTART|SA_SIGINFO
SIGQUIT: [libjvm.dylib+0x46a209], sa_mask[0]=11111111011111110111111111111111, sa_flags=SA_RESTART|SA_SIGINFO


---------------  S Y S T E M  ---------------

OS:Bsduname:Darwin 15.2.0 Darwin Kernel Version 15.2.0: Fri Nov 13 19:56:56 PST 2015; root:xnu-3248.20.55~2/RELEASE_X86_64 x86_64
rlimit: STACK 8192k, CORE 0k, NPROC 709, NOFILE 10240, AS infinity
load average:2.21 2.44 2.40

CPU:total 8 (4 cores per cpu, 2 threads per core) family 6 model 70 stepping 1, cmov, cx8, fxsr, mmx, sse, sse2, sse3, ssse3, sse4.1, sse4.2, popcnt, avx, avx2, aes, clmul, erms, lzcnt, ht, tsc, tscinvbit, bmi1, bmi2

Memory: 4k page, physical 8388608k(362668k free)

/proc/meminfo:


vm_info: Java HotSpot(TM) 64-Bit Server VM (25.40-b25) for bsd-amd64 JRE (1.8.0_40-b25), built on Feb 10 2015 21:07:25 by "java_re" with gcc 4.2.1 (Based on Apple Inc. build 5658) (LLVM build 2336.11.00)

time: Sat Dec 19 21:29:46 2015
elapsed time: 0 seconds (0d 0h 0m 0s)

